Using pre-set license
Built from '2020.2/release' branch; Version is '2020.2.1f1 (270dd8c3da1c) revision 2559448'; Using compiler version '192528614'; Build Type 'Release'
OS: 'Windows 10  (10.0.0) 64bit' Language: 'en' Physical Memory: 32714 MB
BatchMode: 1, IsHumanControllingUs: 0, StartBugReporterOnCrash: 0, Is64bit: 1, IsPro: 0

 COMMAND LINE ARGUMENTS:
E:\Program Files\Unity Editor Version\2020.2.1f1\Editor\Unity.exe
-adb2
-batchMode
-noUpm
-name
AssetImportWorker0
-projectPath
F:/UnityProjects/ProjectFox/Project-Fox
-logFile
Logs/AssetImportWorker0.log
-srvPort
51254
Successfully changed project path to: F:/UnityProjects/ProjectFox/Project-Fox
F:/UnityProjects/ProjectFox/Project-Fox
Using Asset Import Pipeline V2.
Refreshing native plugins compatible for Editor in 78.15 ms, found 0 plugins.
Preloading 0 native plugins for Editor in 0.00 ms.
Initialize engine version: 2020.2.1f1 (270dd8c3da1c)
[Subsystems] Discovering subsystems at path E:/Program Files/Unity Editor Version/2020.2.1f1/Editor/Data/Resources/UnitySubsystems
[Subsystems] Discovering subsystems at path F:/UnityProjects/ProjectFox/Project-Fox/Assets
GfxDevice: creating device client; threaded=0
Direct3D:
    Version:  Direct3D 11.0 [level 11.1]
    Renderer: NVIDIA GeForce GTX 1070 (ID=0x1b81)
    Vendor:   
    VRAM:     8088 MB
    Driver:   27.21.14.5751
Initialize mono
Mono path[0] = 'E:/Program Files/Unity Editor Version/2020.2.1f1/Editor/Data/Managed'
Mono path[1] = 'E:/Program Files/Unity Editor Version/2020.2.1f1/Editor/Data/MonoBleedingEdge/lib/mono/unityjit'
Mono config path = 'E:/Program Files/Unity Editor Version/2020.2.1f1/Editor/Data/MonoBleedingEdge/etc'
Using monoOptions --debugger-agent=transport=dt_socket,embedding=1,server=y,suspend=n,address=127.0.0.1:56248
Begin MonoManager ReloadAssembly
Registering precompiled unity dll's ...
Register platform support module: E:/Program Files/Unity Editor Version/2020.2.1f1/Editor/Data/PlaybackEngines/WebGLSupport/UnityEditor.WebGL.Extensions.dll
Register platform support module: E:/Program Files/Unity Editor Version/2020.2.1f1/Editor/Data/PlaybackEngines/WindowsStandaloneSupport/UnityEditor.WindowsStandalone.Extensions.dll
Registered in 0.001598 seconds.
Native extension for WindowsStandalone target not found
Native extension for WebGL target not found
Refreshing native plugins compatible for Editor in 78.34 ms, found 0 plugins.
Preloading 0 native plugins for Editor in 0.00 ms.
Invoked RoslynAnalysisRunner static constructor.
RoslynAnalysisRunner will not be running.
RoslynAnalysisRunner has terminated.
Mono: successfully reloaded assembly
- Completed reload, in  0.998 seconds
Platform modules already initialized, skipping
Registering precompiled user dll's ...
Registered in 0.002116 seconds.
Begin MonoManager ReloadAssembly
Native extension for WindowsStandalone target not found
Native extension for WebGL target not found
Refreshing native plugins compatible for Editor in 81.86 ms, found 0 plugins.
Preloading 0 native plugins for Editor in 0.00 ms.
Invoked RoslynAnalysisRunner static constructor.
RoslynAnalysisRunner will not be running.
RoslynAnalysisRunner has terminated.
Mono: successfully reloaded assembly
- Completed reload, in  1.254 seconds
Platform modules already initialized, skipping
========================================================================
Worker process is ready to serve import requests
Launched and connected shader compiler UnityShaderCompiler.exe after 0.04 seconds
Refreshing native plugins compatible for Editor in 0.61 ms, found 0 plugins.
Preloading 0 native plugins for Editor in 0.00 ms.
Unloading 3460 Unused Serialized files (Serialized files now loaded: 0)
System memory in use before: 166.9 MB.
System memory in use after: 163.4 MB.

Unloading 45 unused Assets to reduce memory usage. Loaded Objects now: 3884.
Total: 4.943700 ms (FindLiveObjects: 0.357200 ms CreateObjectMapping: 0.221800 ms MarkObjects: 2.046800 ms  DeleteObjects: 2.316400 ms)

========================================================================
Received Import Request.
  path: Assets/Readme.asset
  artifactKey: Guid(83c2ed844a8c74b779a4c823d16594b1) Importer(815301076,1909f56bfc062723c751e8b465ee728b)
Start importing Assets/Readme.asset using Guid(83c2ed844a8c74b779a4c823d16594b1) Importer(815301076,1909f56bfc062723c751e8b465ee728b)  -> (artifact id: 'e3b4d58460ba3e3bc17b75710c1dac99') in 0.056725 seconds
  Import took 0.061352 seconds .

========================================================================
Received Import Request.
  Time since last request: 0.000268 seconds.
  path: Assets/VFXDefaultResources.asset
  artifactKey: Guid(145290c901d58b343bdeb3b4362c9ff2) Importer(815301076,1909f56bfc062723c751e8b465ee728b)
Start importing Assets/VFXDefaultResources.asset using Guid(145290c901d58b343bdeb3b4362c9ff2) Importer(815301076,1909f56bfc062723c751e8b465ee728b)  -> (artifact id: '26c3c5ed4c46f39e656425c392f993b3') in 0.015079 seconds
  Import took 0.019062 seconds .

========================================================================
Received Import Request.
  Time since last request: 2.197571 seconds.
  path: Assets/Readme.asset
  artifactKey: Guid(83c2ed844a8c74b779a4c823d16594b1) Importer(815301076,1909f56bfc062723c751e8b465ee728b)
Start importing Assets/Readme.asset using Guid(83c2ed844a8c74b779a4c823d16594b1) Importer(815301076,1909f56bfc062723c751e8b465ee728b)  -> (artifact id: 'e3b4d58460ba3e3bc17b75710c1dac99') in 0.002883 seconds
  Import took 0.008133 seconds .

========================================================================
Received Import Request.
  Time since last request: 12.928409 seconds.
  path: Assets
  artifactKey: Guid(00000000000000001000000000000000) Importer(815301076,1909f56bfc062723c751e8b465ee728b)
Start importing Assets using Guid(00000000000000001000000000000000) Importer(815301076,1909f56bfc062723c751e8b465ee728b)  -> (artifact id: 'e1a2c4dac9df7c17871e19a3b74f0e9f') in 0.005306 seconds
  Import took 0.009864 seconds .

========================================================================
Received Import Request.
  Time since last request: 0.017337 seconds.
  path: Assets
  artifactKey: Guid(00000000000000001000000000000000) Importer(815301076,1909f56bfc062723c751e8b465ee728b)
Start importing Assets using Guid(00000000000000001000000000000000) Importer(815301076,1909f56bfc062723c751e8b465ee728b)  -> (artifact id: 'e1a2c4dac9df7c17871e19a3b74f0e9f') in 0.002203 seconds
  Import took 0.007586 seconds .

========================================================================
Received Import Request.
  Time since last request: 5.174899 seconds.
  path: Assets/Scripts
  artifactKey: Guid(4719b0884aa2ce045bd0bc265ca981a3) Importer(815301076,1909f56bfc062723c751e8b465ee728b)
Start importing Assets/Scripts using Guid(4719b0884aa2ce045bd0bc265ca981a3) Importer(815301076,1909f56bfc062723c751e8b465ee728b)  -> (artifact id: 'd8ccb69cb2defeffe650efddc5b6ad77') in 0.005855 seconds
  Import took 0.011260 seconds .

========================================================================
Received Import Request.
  Time since last request: 7.136951 seconds.
  path: Assets/_Project
  artifactKey: Guid(6ac23d6728b6ef74ab03b1e5e9b619bf) Importer(815301076,1909f56bfc062723c751e8b465ee728b)
Start importing Assets/_Project using Guid(6ac23d6728b6ef74ab03b1e5e9b619bf) Importer(815301076,1909f56bfc062723c751e8b465ee728b)  -> (artifact id: 'e376031e3105c09f5adb449167ec24e3') in 0.005090 seconds
  Import took 0.009706 seconds .

========================================================================
Received Import Request.
  Time since last request: 5.373702 seconds.
  path: Assets/_Project/Scenes
  artifactKey: Guid(3d06d5b346219d34ea2b7678d0d750b4) Importer(815301076,1909f56bfc062723c751e8b465ee728b)
Start importing Assets/_Project/Scenes using Guid(3d06d5b346219d34ea2b7678d0d750b4) Importer(815301076,1909f56bfc062723c751e8b465ee728b)  -> (artifact id: '615806a2dcdfa213d48db4d6e2e7ac69') in 0.005261 seconds
  Import took 0.009943 seconds .

========================================================================
Received Import Request.
  Time since last request: 26.115231 seconds.
  path: Assets/_Project/Scenes/Combat_Demo.unity
  artifactKey: Guid(5641499c9903fad419e8929ce3aa6382) Importer(815301076,1909f56bfc062723c751e8b465ee728b)
Start importing Assets/_Project/Scenes/Combat_Demo.unity using Guid(5641499c9903fad419e8929ce3aa6382) Importer(815301076,1909f56bfc062723c751e8b465ee728b)  -> (artifact id: '67adce5bb3197991203c607827a2ece9') in 0.005446 seconds
  Import took 0.009934 seconds .

========================================================================
Received Prepare
Registering precompiled user dll's ...
Registered in 0.001268 seconds.
Begin MonoManager ReloadAssembly
Native extension for WindowsStandalone target not found
Native extension for WebGL target not found
Refreshing native plugins compatible for Editor in 0.52 ms, found 0 plugins.
Preloading 0 native plugins for Editor in 0.00 ms.
Invoked RoslynAnalysisRunner static constructor.
RoslynAnalysisRunner will not be running.
RoslynAnalysisRunner has terminated.
Mono: successfully reloaded assembly
- Completed reload, in  0.866 seconds
Platform modules already initialized, skipping
Refreshing native plugins compatible for Editor in 0.52 ms, found 0 plugins.
Preloading 0 native plugins for Editor in 0.00 ms.
Unloading 3259 Unused Serialized files (Serialized files now loaded: 0)
System memory in use before: 158.8 MB.
System memory in use after: 155.3 MB.

Unloading 41 unused Assets to reduce memory usage. Loaded Objects now: 3930.
Total: 4.450500 ms (FindLiveObjects: 0.268900 ms CreateObjectMapping: 0.149300 ms MarkObjects: 1.677800 ms  DeleteObjects: 2.353700 ms)

========================================================================
Received Prepare
Registering precompiled user dll's ...
Registered in 0.001396 seconds.
Begin MonoManager ReloadAssembly
Native extension for WindowsStandalone target not found
Native extension for WebGL target not found
Refreshing native plugins compatible for Editor in 0.58 ms, found 0 plugins.
Preloading 0 native plugins for Editor in 0.00 ms.
Warning: Annotation not found!
UnityEngine.StackTraceUtility:ExtractStackTrace ()
UnityEditor.ProBuilder.EditorUtility:SetGizmoIconEnabled (System.Type,bool) (at Library/PackageCache/com.unity.probuilder@4.4.0/Editor/EditorCore/EditorUtility.cs:593)
UnityEditor.ProBuilder.HierarchyListener:.cctor () (at Library/PackageCache/com.unity.probuilder@4.4.0/Editor/EditorCore/HierarchyListener.cs:21)
System.Runtime.CompilerServices.RuntimeHelpers:RunClassConstructor (System.RuntimeTypeHandle)
UnityEditor.EditorAssemblies:ProcessInitializeOnLoadAttributes (System.Type[])

[Library/PackageCache/com.unity.probuilder@4.4.0/Editor/EditorCore/EditorUtility.cs line 593]

Invoked RoslynAnalysisRunner static constructor.
RoslynAnalysisRunner will not be running.
RoslynAnalysisRunner has terminated.
Mono: successfully reloaded assembly
- Completed reload, in  0.975 seconds
Platform modules already initialized, skipping
Refreshing native plugins compatible for Editor in 0.58 ms, found 0 plugins.
Preloading 0 native plugins for Editor in 0.00 ms.
Unloading 3606 Unused Serialized files (Serialized files now loaded: 0)
System memory in use before: 172.7 MB.
System memory in use after: 167.5 MB.

Unloading 67 unused Assets to reduce memory usage. Loaded Objects now: 4262.
Total: 6.215700 ms (FindLiveObjects: 0.298300 ms CreateObjectMapping: 0.183100 ms MarkObjects: 2.148300 ms  DeleteObjects: 3.585000 ms)

========================================================================
Received Import Request.
  Time since last request: 167.257080 seconds.
  path: Assets/Art/Materials/General/Aluminium_Mat.mat
  artifactKey: Guid(7e2338eeff7d3b0439250086f961228b) Importer(815301076,1909f56bfc062723c751e8b465ee728b)
Start importing Assets/Art/Materials/General/Aluminium_Mat.mat using Guid(7e2338eeff7d3b0439250086f961228b) Importer(815301076,1909f56bfc062723c751e8b465ee728b)  -> (artifact id: 'ba814181089168e3c582bf1aa9c6be10') in 1.780813 seconds
  Import took 1.787991 seconds .

========================================================================
Received Import Request.
  Time since last request: 0.058319 seconds.
  path: Assets/Art/Materials/General/Bamboo_A.mat
  artifactKey: Guid(fff7b0d103b7de54f810338cd8c6d44a) Importer(815301076,1909f56bfc062723c751e8b465ee728b)
Start importing Assets/Art/Materials/General/Bamboo_A.mat using Guid(fff7b0d103b7de54f810338cd8c6d44a) Importer(815301076,1909f56bfc062723c751e8b465ee728b)  -> (artifact id: '35d6af7cdd9b82309362e33a44846dab') in 1.181178 seconds
  Import took 1.187248 seconds .

========================================================================
Received Import Request.
  Time since last request: 0.066426 seconds.
  path: Assets/Art/Materials/General/Bamboo_Leaf_A.mat
  artifactKey: Guid(1ee01111bb691c348a61b9a5b38c8897) Importer(815301076,1909f56bfc062723c751e8b465ee728b)
Start importing Assets/Art/Materials/General/Bamboo_Leaf_A.mat using Guid(1ee01111bb691c348a61b9a5b38c8897) Importer(815301076,1909f56bfc062723c751e8b465ee728b)  -> (artifact id: 'd72c7189ecdf38151117dbdc675be6be') in 0.847286 seconds
  Import took 0.852574 seconds .

========================================================================
Received Import Request.
  Time since last request: 0.000141 seconds.
  path: Assets/Art/Materials/General/ConcreteSmooth_Mat.mat
  artifactKey: Guid(975c89d1f9e67f24a88b46d50fc95a09) Importer(815301076,1909f56bfc062723c751e8b465ee728b)
Start importing Assets/Art/Materials/General/ConcreteSmooth_Mat.mat using Guid(975c89d1f9e67f24a88b46d50fc95a09) Importer(815301076,1909f56bfc062723c751e8b465ee728b)  -> (artifact id: '153d4ee9abe50a2bfdf8d91000359a53') in 0.352927 seconds
  Import took 0.357895 seconds .

========================================================================
Received Import Request.
  Time since last request: 0.000148 seconds.
  path: Assets/Art/Materials/General/Drain_Mat.mat
  artifactKey: Guid(695771bab024a834dbb2756b86ed03ef) Importer(815301076,1909f56bfc062723c751e8b465ee728b)
Start importing Assets/Art/Materials/General/Drain_Mat.mat using Guid(695771bab024a834dbb2756b86ed03ef) Importer(815301076,1909f56bfc062723c751e8b465ee728b)  -> (artifact id: 'ad48816c5e7093d02c6d00e185339020') in 0.029096 seconds
  Import took 0.035371 seconds .

========================================================================
Received Import Request.
  Time since last request: 0.000173 seconds.
  path: Assets/Art/Meshes/Props/Furniture/Models/GlassCase_01.fbx
  artifactKey: Guid(5ee624ffeecf1324aba047bca3298fe7) Importer(815301076,1909f56bfc062723c751e8b465ee728b)
Start importing Assets/Art/Meshes/Props/Furniture/Models/GlassCase_01.fbx using Guid(5ee624ffeecf1324aba047bca3298fe7) Importer(815301076,1909f56bfc062723c751e8b465ee728b)  -> (artifact id: '07d9d9d40e98f390d1e2e08bba7072f1') in 1.450054 seconds
  Import took 1.455434 seconds .

========================================================================
Received Import Request.
  Time since last request: 0.000255 seconds.
  path: Assets/Art/Meshes/Structure/Model/TR_Counter_01.fbx
  artifactKey: Guid(93a4b7efc82a6bf48ae489a6b36f228d) Importer(815301076,1909f56bfc062723c751e8b465ee728b)
Start importing Assets/Art/Meshes/Structure/Model/TR_Counter_01.fbx using Guid(93a4b7efc82a6bf48ae489a6b36f228d) Importer(815301076,1909f56bfc062723c751e8b465ee728b)  -> (artifact id: '640cb9509c7060b0f94982f911cbb8d8') in 0.061454 seconds
  Import took 0.067141 seconds .

========================================================================
Received Import Request.
  Time since last request: 0.000244 seconds.
  path: Assets/Art/Materials/General/EmissiveBulb_Mat.mat
  artifactKey: Guid(82f22cfcd3162714f97430d3043d810f) Importer(815301076,1909f56bfc062723c751e8b465ee728b)
Start importing Assets/Art/Materials/General/EmissiveBulb_Mat.mat using Guid(82f22cfcd3162714f97430d3043d810f) Importer(815301076,1909f56bfc062723c751e8b465ee728b)  -> (artifact id: 'ebea568412ae8ea5074c41b95e8a3faa') in 0.359618 seconds
  Import took 0.365364 seconds .

========================================================================
Received Import Request.
  Time since last request: 0.000170 seconds.
  path: Assets/Art/Materials/General/EmissiveStripLight_Mat.mat
  artifactKey: Guid(fb7b7efa023634c43844d5df813fe6a8) Importer(815301076,1909f56bfc062723c751e8b465ee728b)
Start importing Assets/Art/Materials/General/EmissiveStripLight_Mat.mat using Guid(fb7b7efa023634c43844d5df813fe6a8) Importer(815301076,1909f56bfc062723c751e8b465ee728b)  -> (artifact id: 'bf64b5753127fa473bdedb171292f3be') in 0.021789 seconds
  Import took 0.027563 seconds .

========================================================================
Received Import Request.
  Time since last request: 0.000202 seconds.
  path: Assets/Art/Materials/General/ConcreteTaupe_Mat.mat
  artifactKey: Guid(8803ecc3c0ada6f48bbd21e716f8522b) Importer(815301076,1909f56bfc062723c751e8b465ee728b)
Start importing Assets/Art/Materials/General/ConcreteTaupe_Mat.mat using Guid(8803ecc3c0ada6f48bbd21e716f8522b) Importer(815301076,1909f56bfc062723c751e8b465ee728b)  -> (artifact id: '114c3e83c16f40fab581afc7da22cd23') in 0.040419 seconds
  Import took 0.045934 seconds .

========================================================================
Received Import Request.
  Time since last request: 0.000204 seconds.
  path: Assets/Art/Materials/General/Collision_Mat.mat
  artifactKey: Guid(a7f9b9f3a7ec88a42bcdef7463ccbffe) Importer(815301076,1909f56bfc062723c751e8b465ee728b)
Start importing Assets/Art/Materials/General/Collision_Mat.mat using Guid(a7f9b9f3a7ec88a42bcdef7463ccbffe) Importer(815301076,1909f56bfc062723c751e8b465ee728b)  -> (artifact id: '8de34dc2549fea48d9cf797a6e159909') in 0.028028 seconds
  Import took 0.034382 seconds .

========================================================================
Received Import Request.
  Time since last request: 0.000238 seconds.
  path: Assets/Art/Materials/General/Fabric_Mat.mat
  artifactKey: Guid(d7e92d5116171344ba594f9d547cd085) Importer(815301076,1909f56bfc062723c751e8b465ee728b)
Start importing Assets/Art/Materials/General/Fabric_Mat.mat using Guid(d7e92d5116171344ba594f9d547cd085) Importer(815301076,1909f56bfc062723c751e8b465ee728b)  -> (artifact id: 'aff48032399612c3fc259e63e0900538') in 0.031624 seconds
  Import took 0.038342 seconds .

========================================================================
Received Import Request.
  Time since last request: 0.000218 seconds.
  path: Assets/Art/Materials/General/ConcreteHoles_Mat.mat
  artifactKey: Guid(cf59b8132f6cd2f49b8924afeed7674b) Importer(815301076,1909f56bfc062723c751e8b465ee728b)
Start importing Assets/Art/Materials/General/ConcreteHoles_Mat.mat using Guid(cf59b8132f6cd2f49b8924afeed7674b) Importer(815301076,1909f56bfc062723c751e8b465ee728b)  -> (artifact id: '30b4ed91e3a2e08f91f0120cd46b9bd4') in 0.034962 seconds
  Import took 0.042764 seconds .

========================================================================
Received Import Request.
  Time since last request: 0.000142 seconds.
  path: Assets/Art/Materials/General/Brass_Mat.mat
  artifactKey: Guid(51715d426647c0a469aa54fd0d386aa6) Importer(815301076,1909f56bfc062723c751e8b465ee728b)
Start importing Assets/Art/Materials/General/Brass_Mat.mat using Guid(51715d426647c0a469aa54fd0d386aa6) Importer(815301076,1909f56bfc062723c751e8b465ee728b)  -> (artifact id: '8063d9ab71285408c2d3ab3b2c524774') in 0.404948 seconds
  Import took 0.410307 seconds .

========================================================================
Received Import Request.
  Time since last request: 0.000166 seconds.
  path: Assets/Art/Materials/General/ConcreteMatteGrey_Mat.mat
  artifactKey: Guid(f042a9897837021468ecfcb204be998e) Importer(815301076,1909f56bfc062723c751e8b465ee728b)
Start importing Assets/Art/Materials/General/ConcreteMatteGrey_Mat.mat using Guid(f042a9897837021468ecfcb204be998e) Importer(815301076,1909f56bfc062723c751e8b465ee728b)  -> (artifact id: '88e26d5bfe2d97282d38a3e488394907') in 0.028519 seconds
  Import took 0.034231 seconds .

========================================================================
Received Import Request.
  Time since last request: 0.000227 seconds.
  path: Assets/Art/Meshes/Structure/Model/TR_CurveWall_01.fbx
  artifactKey: Guid(1afb92d10ccf8d440ab494fb20332849) Importer(815301076,1909f56bfc062723c751e8b465ee728b)
Start importing Assets/Art/Meshes/Structure/Model/TR_CurveWall_01.fbx using Guid(1afb92d10ccf8d440ab494fb20332849) Importer(815301076,1909f56bfc062723c751e8b465ee728b)  -> (artifact id: '0c7d69111107e76976879458b1158418') in 0.058870 seconds
  Import took 0.065262 seconds .

========================================================================
Received Import Request.
  Time since last request: 0.000170 seconds.
  path: Assets/Art/Materials/General/Bush_01_Mat.mat
  artifactKey: Guid(c8ff19ec299458747b23b805b74ed9a1) Importer(815301076,1909f56bfc062723c751e8b465ee728b)
Start importing Assets/Art/Materials/General/Bush_01_Mat.mat using Guid(c8ff19ec299458747b23b805b74ed9a1) Importer(815301076,1909f56bfc062723c751e8b465ee728b)  -> (artifact id: '76c87a4609f3cc7d31a9c205a0ddb767') in 0.816316 seconds
  Import took 0.821746 seconds .

========================================================================
Received Import Request.
  Time since last request: 0.000215 seconds.
  path: Assets/Art/Meshes/Structure/Model/FR_Platform_01.fbx
  artifactKey: Guid(e89a4afe12d9bea49a7ee33cc1b98ab6) Importer(815301076,1909f56bfc062723c751e8b465ee728b)
Start importing Assets/Art/Meshes/Structure/Model/FR_Platform_01.fbx using Guid(e89a4afe12d9bea49a7ee33cc1b98ab6) Importer(815301076,1909f56bfc062723c751e8b465ee728b)  -> (artifact id: '08e960c68e1441ddfd5260bfc0f98960') in 0.053214 seconds
  Import took 0.059132 seconds .

========================================================================
Received Import Request.
  Time since last request: 0.000233 seconds.
  path: Assets/Art/Materials/General/DecalPuddle_Mat.mat
  artifactKey: Guid(94d80f3e038421840941e22d06feee02) Importer(815301076,1909f56bfc062723c751e8b465ee728b)
Start importing Assets/Art/Materials/General/DecalPuddle_Mat.mat using Guid(94d80f3e038421840941e22d06feee02) Importer(815301076,1909f56bfc062723c751e8b465ee728b)  -> (artifact id: 'ea74ccdfe465f03c53f99ecb8b51d859') in 0.022607 seconds
  Import took 0.028318 seconds .

========================================================================
Received Import Request.
  Time since last request: 0.000159 seconds.
  path: Assets/Art/Materials/General/Fern_01_Mat.mat
  artifactKey: Guid(41b4ab126d0398d4a82ef0abf15e1226) Importer(815301076,1909f56bfc062723c751e8b465ee728b)
Start importing Assets/Art/Materials/General/Fern_01_Mat.mat using Guid(41b4ab126d0398d4a82ef0abf15e1226) Importer(815301076,1909f56bfc062723c751e8b465ee728b)  -> (artifact id: '66493b45507c2e831e3dd49e85276e72') in 0.810701 seconds
  Import took 0.816253 seconds .

========================================================================
Received Import Request.
  Time since last request: 0.000212 seconds.
  path: Assets/Art/Materials/General/ConcretePolished_Mat.mat
  artifactKey: Guid(5948dbaa050aa8f488c46767a205e35d) Importer(815301076,1909f56bfc062723c751e8b465ee728b)
Start importing Assets/Art/Materials/General/ConcretePolished_Mat.mat using Guid(5948dbaa050aa8f488c46767a205e35d) Importer(815301076,1909f56bfc062723c751e8b465ee728b)  -> (artifact id: '204bbbc4225e860c92b1aee8392c6f7f') in 0.026164 seconds
  Import took 0.031403 seconds .

========================================================================
Received Import Request.
  Time since last request: 0.000218 seconds.
  path: Assets/Art/Materials/General/ConcreteCyan_Mat.mat
  artifactKey: Guid(6a4a9cd798f58bf419164a016513c59e) Importer(815301076,1909f56bfc062723c751e8b465ee728b)
Start importing Assets/Art/Materials/General/ConcreteCyan_Mat.mat using Guid(6a4a9cd798f58bf419164a016513c59e) Importer(815301076,1909f56bfc062723c751e8b465ee728b)  -> (artifact id: '123cb25089197dc34a3a2595eb7c8e82') in 0.027662 seconds
  Import took 0.032544 seconds .

========================================================================
Received Import Request.
  Time since last request: 0.000224 seconds.
  path: Assets/Art/Materials/General/ConcreteRough_Mat.mat
  artifactKey: Guid(2d5eb5266d7bdbf49a5a251d8dcecbeb) Importer(815301076,1909f56bfc062723c751e8b465ee728b)
Start importing Assets/Art/Materials/General/ConcreteRough_Mat.mat using Guid(2d5eb5266d7bdbf49a5a251d8dcecbeb) Importer(815301076,1909f56bfc062723c751e8b465ee728b)  -> (artifact id: '521a285a25049b7e2424f13a16a5df8e') in 0.036385 seconds
  Import took 0.041333 seconds .

========================================================================
Received Import Request.
  Time since last request: 0.000256 seconds.
  path: Assets/Art/Materials/General/Decal_Mat.mat
  artifactKey: Guid(811cfb822fc52b94997d2481839de2fe) Importer(815301076,1909f56bfc062723c751e8b465ee728b)
Start importing Assets/Art/Materials/General/Decal_Mat.mat using Guid(811cfb822fc52b94997d2481839de2fe) Importer(815301076,1909f56bfc062723c751e8b465ee728b)  -> (artifact id: 'da137fda355724142ce1ab83136a5d56') in 0.023338 seconds
  Import took 0.028260 seconds .

========================================================================
Received Import Request.
  Time since last request: 4.760705 seconds.
  path: Assets/Settings/HDRPHighQuality.asset
  artifactKey: Guid(36dd385e759c96147b6463dcd1149c11) Importer(815301076,1909f56bfc062723c751e8b465ee728b)
Start importing Assets/Settings/HDRPHighQuality.asset using Guid(36dd385e759c96147b6463dcd1149c11) Importer(815301076,1909f56bfc062723c751e8b465ee728b)  -> (artifact id: 'a65d825a2c5511720c15d4dabba753b6') in 0.006298 seconds
  Import took 0.011327 seconds .

========================================================================
Received Import Request.
  Time since last request: 0.000249 seconds.
  path: Assets/Settings/HDRPMediumQuality.asset
  artifactKey: Guid(3e2e6bfc59709614ab90c0cd7d755e48) Importer(815301076,1909f56bfc062723c751e8b465ee728b)
Start importing Assets/Settings/HDRPMediumQuality.asset using Guid(3e2e6bfc59709614ab90c0cd7d755e48) Importer(815301076,1909f56bfc062723c751e8b465ee728b)  -> (artifact id: 'f76175dac5ba00b1e6c5a8918f8cb551') in 0.006365 seconds
  Import took 0.011860 seconds .

========================================================================
Received Import Request.
  Time since last request: 0.000233 seconds.
  path: Assets/Settings/PlayerControllerFPS.prefab
  artifactKey: Guid(573ac53c334415945bf239de2c2f0511) Importer(815301076,1909f56bfc062723c751e8b465ee728b)
Start importing Assets/Settings/PlayerControllerFPS.prefab using Guid(573ac53c334415945bf239de2c2f0511) Importer(815301076,1909f56bfc062723c751e8b465ee728b)  -> (artifact id: '45adabbdeedb2f557c6332c2e2d86fbc') in 0.032649 seconds
  Import took 0.037490 seconds .

========================================================================
Received Import Request.
  Time since last request: 0.000244 seconds.
  path: Assets/Settings/HDRPLowQuality.asset
  artifactKey: Guid(168a2336534e4e043b2a210b6f8d379a) Importer(815301076,1909f56bfc062723c751e8b465ee728b)
Start importing Assets/Settings/HDRPLowQuality.asset using Guid(168a2336534e4e043b2a210b6f8d379a) Importer(815301076,1909f56bfc062723c751e8b465ee728b)  -> (artifact id: 'cf48e691868858c820c901e3930e5f94') in 0.005757 seconds
  Import took 0.010420 seconds .

========================================================================
Received Import Request.
  Time since last request: 307.645819 seconds.
  path: Assets/_Project/Scripts
  artifactKey: Guid(a8b9743ae9cf25d4981f0e10aa729712) Importer(815301076,1909f56bfc062723c751e8b465ee728b)
Start importing Assets/_Project/Scripts using Guid(a8b9743ae9cf25d4981f0e10aa729712) Importer(815301076,1909f56bfc062723c751e8b465ee728b)  -> (artifact id: '355cce3a61854632b10fb4045d83ecbd') in 0.005202 seconds
  Import took 0.012008 seconds .

========================================================================
Received Import Request.
  Time since last request: 6.710392 seconds.
  path: Assets/_Project/Prefabs
  artifactKey: Guid(fde7facfb6c008148b30236b0d91046b) Importer(815301076,1909f56bfc062723c751e8b465ee728b)
Start importing Assets/_Project/Prefabs using Guid(fde7facfb6c008148b30236b0d91046b) Importer(815301076,1909f56bfc062723c751e8b465ee728b)  -> (artifact id: 'ff2c76fcb331ad16bebf832496549665') in 0.005856 seconds
  Import took 0.010920 seconds .

========================================================================
Received Import Request.
  Time since last request: 0.383324 seconds.
  path: Assets/_Project/Prefabs 1
  artifactKey: Guid(bab9a5294abea8947b0ae9cee6b8f8ca) Importer(815301076,1909f56bfc062723c751e8b465ee728b)
Start importing Assets/_Project/Prefabs 1 using Guid(bab9a5294abea8947b0ae9cee6b8f8ca) Importer(815301076,1909f56bfc062723c751e8b465ee728b)  -> (artifact id: '6bee7e82a368a4bd2ae482c8d4c4c22b') in 0.005277 seconds
  Import took 0.010561 seconds .

========================================================================
Received Import Request.
  Time since last request: 1.506040 seconds.
  path: Assets/_Project/Models
  artifactKey: Guid(bab9a5294abea8947b0ae9cee6b8f8ca) Importer(815301076,1909f56bfc062723c751e8b465ee728b)
Start importing Assets/_Project/Models using Guid(bab9a5294abea8947b0ae9cee6b8f8ca) Importer(815301076,1909f56bfc062723c751e8b465ee728b)  -> (artifact id: '8b84a273ead46b50859fc847a58fa719') in 0.005340 seconds
  Import took 0.010839 seconds .

========================================================================
Received Import Request.
  Time since last request: 286.236250 seconds.
  path: Assets/_Project/Models/Characters
  artifactKey: Guid(a3fe94785d8d7194da179045c0669696) Importer(815301076,1909f56bfc062723c751e8b465ee728b)
Start importing Assets/_Project/Models/Characters using Guid(a3fe94785d8d7194da179045c0669696) Importer(815301076,1909f56bfc062723c751e8b465ee728b)  -> (artifact id: '70b08e3ace83970586c9107cd20101aa') in 0.005349 seconds
  Import took 0.011047 seconds .

========================================================================
Received Import Request.
  Time since last request: 6.487977 seconds.
  path: Assets/_Project/Models/Characters/Char_Xbot_GEO.fbx
  artifactKey: Guid(76938e4b039a2cc428123218c7da24d7) Importer(815301076,1909f56bfc062723c751e8b465ee728b)
Start importing Assets/_Project/Models/Characters/Char_Xbot_GEO.fbx using Guid(76938e4b039a2cc428123218c7da24d7) Importer(815301076,1909f56bfc062723c751e8b465ee728b)  -> (artifact id: 'e435528fb781203c94ab2c2db3770c2b') in 0.087600 seconds
  Import took 0.093292 seconds .

========================================================================
Received Import Request.
  Time since last request: 0.000203 seconds.
  path: Assets/_Project/Models/Characters/Char_Xbot_MAT_BLUE_BRIGHT.mat
  artifactKey: Guid(a54649d9c78d11649822c82440b2a822) Importer(815301076,1909f56bfc062723c751e8b465ee728b)
Start importing Assets/_Project/Models/Characters/Char_Xbot_MAT_BLUE_BRIGHT.mat using Guid(a54649d9c78d11649822c82440b2a822) Importer(815301076,1909f56bfc062723c751e8b465ee728b)  -> (artifact id: '01dea0cc575c16f8df5b231204d12fa7') in 0.026318 seconds
  Import took 0.031168 seconds .

========================================================================
Received Import Request.
  Time since last request: 0.000198 seconds.
  path: Assets/_Project/Models/Characters/Char_Xbot_MAT_RED_BRIGHT.mat
  artifactKey: Guid(c4fcd8ab6f22ca54087b07b1a759a188) Importer(815301076,1909f56bfc062723c751e8b465ee728b)
Start importing Assets/_Project/Models/Characters/Char_Xbot_MAT_RED_BRIGHT.mat using Guid(c4fcd8ab6f22ca54087b07b1a759a188) Importer(815301076,1909f56bfc062723c751e8b465ee728b)  -> (artifact id: 'c1878325efbec832ec1304671fab4d91') in 0.025198 seconds
  Import took 0.030410 seconds .

========================================================================
Received Import Request.
  Time since last request: 0.000249 seconds.
  path: Assets/_Project/Models/Characters/Char_Xbot_MAT_RED.mat
  artifactKey: Guid(52c93413619d8424ebfa909669ed95ea) Importer(815301076,1909f56bfc062723c751e8b465ee728b)
Start importing Assets/_Project/Models/Characters/Char_Xbot_MAT_RED.mat using Guid(52c93413619d8424ebfa909669ed95ea) Importer(815301076,1909f56bfc062723c751e8b465ee728b)  -> (artifact id: 'fc4bee337b1a98d9edd94df8f2f3e341') in 0.025305 seconds
  Import took 0.030523 seconds .

========================================================================
Received Import Request.
  Time since last request: 0.000177 seconds.
  path: Assets/_Project/Models/Characters/Char_Xbot_MAT_BLUE.mat
  artifactKey: Guid(eb356167a4ab2e94c9fe5d52d3819532) Importer(815301076,1909f56bfc062723c751e8b465ee728b)
Start importing Assets/_Project/Models/Characters/Char_Xbot_MAT_BLUE.mat using Guid(eb356167a4ab2e94c9fe5d52d3819532) Importer(815301076,1909f56bfc062723c751e8b465ee728b)  -> (artifact id: '252f07292d097ab71f5a0de96adcd989') in 0.024641 seconds
  Import took 0.029994 seconds .

========================================================================
Received Import Request.
  Time since last request: 76.948742 seconds.
  path: Assets/_Project/Animations
  artifactKey: Guid(d059cc8342e0e5b4caf6b1de69c2880e) Importer(815301076,1909f56bfc062723c751e8b465ee728b)
Start importing Assets/_Project/Animations using Guid(d059cc8342e0e5b4caf6b1de69c2880e) Importer(815301076,1909f56bfc062723c751e8b465ee728b)  -> (artifact id: 'c7a359b65ba2404ad8c4991a3fbd33be') in 0.005353 seconds
  Import took 0.011042 seconds .

========================================================================
Received Import Request.
  Time since last request: 14.062220 seconds.
  path: Assets/_Project/Animations/Movement
  artifactKey: Guid(cf149f52824aaea4baa1b3fe609f383f) Importer(815301076,1909f56bfc062723c751e8b465ee728b)
Start importing Assets/_Project/Animations/Movement using Guid(cf149f52824aaea4baa1b3fe609f383f) Importer(815301076,1909f56bfc062723c751e8b465ee728b)  -> (artifact id: '1dc34accb13708c8f5bdabe106eecad1') in 0.005102 seconds
  Import took 0.010400 seconds .

========================================================================
Received Import Request.
  Time since last request: 1.018904 seconds.
  path: Assets/_Project/Animations/Musket Stab r.anim
  artifactKey: Guid(edf9743e05723904cbb666fcd1a11c4d) Importer(815301076,1909f56bfc062723c751e8b465ee728b)
Start importing Assets/_Project/Animations/Musket Stab r.anim using Guid(edf9743e05723904cbb666fcd1a11c4d) Importer(815301076,1909f56bfc062723c751e8b465ee728b)  -> (artifact id: '03f72eba57bc1ab8b443c921ffb41fc7') in 0.011097 seconds
  Import took 0.016233 seconds .

========================================================================
Received Import Request.
  Time since last request: 0.036257 seconds.
  path: Assets/_Project/Animations/Musket Stab r.anim
  artifactKey: Guid(edf9743e05723904cbb666fcd1a11c4d) Importer(815301076,1909f56bfc062723c751e8b465ee728b)
Start importing Assets/_Project/Animations/Musket Stab r.anim using Guid(edf9743e05723904cbb666fcd1a11c4d) Importer(815301076,1909f56bfc062723c751e8b465ee728b)  -> (artifact id: '03f72eba57bc1ab8b443c921ffb41fc7') in 0.007964 seconds
  Import took 0.014017 seconds .

========================================================================
Received Import Request.
  Time since last request: 18.624633 seconds.
  path: Assets/_Project/Materials
  artifactKey: Guid(070208c69d65a424082d1f45d4bf6f8f) Importer(815301076,1909f56bfc062723c751e8b465ee728b)
Start importing Assets/_Project/Materials using Guid(070208c69d65a424082d1f45d4bf6f8f) Importer(815301076,1909f56bfc062723c751e8b465ee728b)  -> (artifact id: '5607b5dc4e5da823455fd2823f4d4f2b') in 0.005235 seconds
  Import took 0.011130 seconds .

